<?xml version="1.0" encoding="UTF-8"?>
<!-- Generated by org.testng.reporters.JUnitReportReporter -->
<testsuite skipped="0" hostname="HP-PC" name="Executions.AddressExecutions" tests="1" failures="0" timestamp="18 Apr 2018 12:22:46 GMT" time="144.398" errors="0">
  <testcase name="addressEx" time="144.398" classname="Executions.AddressExecutions"/>
</testsuite> <!-- Executions.AddressExecutions -->
