<?xml version="1.0" encoding="UTF-8"?>
<!-- Generated by org.testng.reporters.JUnitReportReporter -->
<testsuite skipped="0" hostname="HP-PC" name="Executions.ChangePasswordExecutions" tests="1" failures="0" timestamp="17 Apr 2018 13:27:10 GMT" time="68.516" errors="0">
  <testcase name="Signin" time="68.516" classname="Executions.ChangePasswordExecutions"/>
</testsuite> <!-- Executions.ChangePasswordExecutions -->
