<?xml version="1.0" encoding="UTF-8"?>
<!-- Generated by org.testng.reporters.JUnitReportReporter -->
<testsuite skipped="0" hostname="DESKTOP-5HNOB9Q" name="Executions.AddressExecutions" tests="1" failures="0" timestamp="16 Apr 2018 12:58:47 GMT" time="167.824" errors="0">
  <testcase name="addressEx" time="167.824" classname="Executions.AddressExecutions"/>
</testsuite> <!-- Executions.AddressExecutions -->
