<?xml version="1.0" encoding="UTF-8"?>
<!-- Generated by org.testng.reporters.JUnitReportReporter -->
<testsuite skipped="0" hostname="HP-PC" name="Executions.EditExecutions" tests="1" failures="0" timestamp="18 Apr 2018 12:39:42 GMT" time="101.626" errors="0">
  <testcase name="Signin" time="101.626" classname="Executions.EditExecutions"/>
</testsuite> <!-- Executions.EditExecutions -->
